<?xml version="1.0" encoding="UTF-8"?>
<!-- Generated by org.testng.reporters.JUnitXMLReporter -->
<testsuite hostname="ASUS" name="Test" tests="1" failures="0" timestamp="29 Nov 2017 18:19:16 GMT" time="1.733" errors="0">
  <testcase name="@BeforeMethod SetUp" time="0.0" classname="Application.App">
    <failure type="java.lang.NoSuchMethodError" message="org.openqa.selenium.remote.DesiredCapabilities.edge()Lorg/openqa/selenium/remote/DesiredCapabilities;">
      <![CDATA[java.lang.NoSuchMethodError: org.openqa.selenium.remote.DesiredCapabilities.edge()Lorg/openqa/selenium/remote/DesiredCapabilities;
	at org.openqa.selenium.edge.EdgeOptions.toCapabilities(EdgeOptions.java:98)
	at org.openqa.selenium.edge.EdgeDriver.<init>(EdgeDriver.java:141)
	at org.openqa.selenium.edge.EdgeDriver.<init>(EdgeDriver.java:98)
	at Utilities.UtilCommon.OpenBrowser(UtilCommon.java:63)
	at Application.App.SetUp(App.java:51)
... Removed 26 stack frames]]>
    </failure>
  </testcase> <!-- @BeforeMethod SetUp -->
  <testcase name="@AfterMethod tearDown" time="0.0" classname="Application.App">
    <skipped/>
  </testcase> <!-- @AfterMethod tearDown -->
  <testcase name="TC001_Login" time="0.002" classname="Application.App">
    <skipped/>
  </testcase> <!-- TC001_Login -->
</testsuite> <!-- Test -->
